2024-11-30 22:58:19.042 [info] Added views:outline in workbench.view.explorer
2024-11-30 22:58:19.042 [info] Added views:workbench.view.search in workbench.view.search
2024-11-30 22:58:19.042 [info] Added views:workbench.scm in workbench.view.scm
2024-11-30 22:58:19.042 [info] Added views:workbench.panel.markers.view in workbench.panel.markers
2024-11-30 22:58:19.042 [info] Added views:workbench.panel.output in workbench.panel.output
2024-11-30 22:58:19.042 [info] Added views:terminal in terminal
2024-11-30 22:58:19.043 [info] Added views:timeline in workbench.view.explorer
2024-11-30 22:58:19.043 [info] Added views:workbench.explorer.emptyView in workbench.view.explorer
2024-11-30 22:58:20.138 [info] Added views:workbench.debug.variablesView,workbench.debug.watchExpressionsView,workbench.debug.callStackView,workbench.debug.breakPointsView in workbench.view.debug
2024-11-30 22:58:20.536 [info] Added views:gitlens.views.home,gitlens.views.launchpad,gitlens.views.workspaces in workbench.view.extension.gitlens
2024-11-30 22:58:20.541 [info] Added views:gitlens.views.commitDetails,gitlens.views.lineHistory,gitlens.views.fileHistory,gitlens.views.searchAndCompare in workbench.view.extension.gitlensInspect
2024-11-30 22:58:20.543 [info] Added views:gitlens.views.scm.grouped in workbench.view.scm
2024-11-30 22:58:20.550 [info] Added views:dockerContainers,dockerImages,dockerRegistries,dockerNetworks,dockerVolumes,vscode-docker.views.dockerContexts,vscode-docker.views.help in workbench.view.extension.dockerView
2024-11-30 22:58:20.556 [info] Added views:targetsContainers,devVolumes in workbench.view.remote
2024-11-30 22:58:21.073 [info] Added views:workbench.panel.repl.view in workbench.panel.repl
2024-11-30 22:58:21.081 [info] Removed views:workbench.debug.breakPointsView,workbench.debug.callStackView,workbench.debug.watchExpressionsView,workbench.debug.variablesView from workbench.view.debug
2024-11-30 22:58:21.082 [info] Added views:workbench.debug.welcome in workbench.view.debug
2024-11-30 22:58:21.482 [info] Added views:~remote.forwardedPorts in ~remote.forwardedPortsContainer
2024-11-30 22:58:24.363 [info] Removed views:gitlens.views.searchAndCompare,gitlens.views.fileHistory,gitlens.views.lineHistory,gitlens.views.commitDetails from workbench.view.extension.gitlensInspect
2024-11-30 22:58:24.363 [info] Removed views:gitlens.views.scm.grouped from workbench.view.scm
2024-11-30 22:58:24.514 [info] Added views:gitlens.views.drafts in workbench.view.extension.gitlens
2024-11-30 22:58:38.479 [info] Added views:outline in workbench.view.explorer
2024-11-30 22:58:38.479 [info] Added views:workbench.view.search in workbench.view.search
2024-11-30 22:58:38.479 [info] Added views:workbench.scm in workbench.view.scm
2024-11-30 22:58:38.479 [info] Added views:workbench.panel.markers.view in workbench.panel.markers
2024-11-30 22:58:38.479 [info] Added views:workbench.panel.output in workbench.panel.output
2024-11-30 22:58:38.479 [info] Added views:terminal in terminal
2024-11-30 22:58:38.480 [info] Added views:timeline in workbench.view.explorer
2024-11-30 22:58:38.480 [info] Added views:workbench.explorer.fileView in workbench.view.explorer
2024-11-30 22:58:39.844 [info] Added views:gitlens.views.home,gitlens.views.launchpad,gitlens.views.workspaces in workbench.view.extension.gitlens
2024-11-30 22:58:39.845 [info] Added views:gitlens.views.commitDetails,gitlens.views.lineHistory,gitlens.views.fileHistory,gitlens.views.searchAndCompare in workbench.view.extension.gitlensInspect
2024-11-30 22:58:39.847 [info] Added views:gitlens.views.scm.grouped in workbench.view.scm
2024-11-30 22:58:39.849 [info] Added views:dockerContainers,dockerImages,dockerRegistries,dockerNetworks,dockerVolumes,vscode-docker.views.dockerContexts,vscode-docker.views.help in workbench.view.extension.dockerView
2024-11-30 22:58:39.850 [info] Added views:targetsContainers,devVolumes in workbench.view.remote
2024-11-30 22:58:40.239 [info] Added views:workbench.debug.variablesView,workbench.debug.watchExpressionsView,workbench.debug.callStackView,workbench.debug.breakPointsView in workbench.view.debug
2024-11-30 22:58:40.338 [info] Added views:workbench.panel.repl.view in workbench.panel.repl
2024-11-30 22:58:40.340 [info] Removed views:workbench.debug.breakPointsView,workbench.debug.callStackView,workbench.debug.watchExpressionsView,workbench.debug.variablesView from workbench.view.debug
2024-11-30 22:58:40.341 [info] Added views:workbench.debug.welcome in workbench.view.debug
2024-11-30 22:58:41.248 [info] Added views:~remote.forwardedPorts in ~remote.forwardedPortsContainer
2024-11-30 22:58:42.907 [info] Removed views:gitlens.views.workspaces from workbench.view.extension.gitlens
2024-11-30 22:58:42.923 [info] Removed views:gitlens.views.searchAndCompare,gitlens.views.fileHistory,gitlens.views.lineHistory,gitlens.views.commitDetails from workbench.view.extension.gitlensInspect
2024-11-30 22:58:42.928 [info] Removed views:gitlens.views.scm.grouped from workbench.view.scm
2024-11-30 22:58:44.663 [info] Added views:gitlens.views.drafts,gitlens.views.workspaces in workbench.view.extension.gitlens
2024-11-30 22:58:44.675 [info] Added views:gitlens.views.graph,gitlens.views.graphDetails in workbench.view.extension.gitlensPanel
2024-11-30 22:58:44.681 [info] Added views:gitlens.views.commitDetails,gitlens.views.lineHistory,gitlens.views.fileHistory,gitlens.views.timeline,gitlens.views.searchAndCompare in workbench.view.extension.gitlensInspect
2024-11-30 22:58:44.683 [info] Added views:gitlens.views.scm.grouped in workbench.view.scm
2024-11-30 22:58:45.220 [info] Added views:workbench.scm.history in workbench.view.scm
