2024-11-30 22:58:22.308 [info] [main] Log level: Info
2024-11-30 22:58:22.308 [info] [main] Validating found git in: "git"
2024-11-30 22:58:22.308 [info] [main] Using git "2.43.0" from "git"
2024-11-30 22:58:22.308 [info] [Model][doInitialScan] Initial repository scan started
2024-11-30 22:58:22.309 [info] [Model][doInitialScan] Initial repository scan completed - repositories (0), closed repositories (0), parent repositories (0), unsafe repositories (0)
2024-11-30 22:58:45.151 [info] [main] Log level: Info
2024-11-30 22:58:45.151 [info] [main] Validating found git in: "git"
2024-11-30 22:58:45.151 [info] [main] Using git "2.43.0" from "git"
2024-11-30 22:58:45.151 [info] [Model][doInitialScan] Initial repository scan started
2024-11-30 22:58:45.151 [info] > git rev-parse --show-toplevel [35ms]
2024-11-30 22:58:45.173 [info] > git rev-parse --git-dir --git-common-dir [5ms]
2024-11-30 22:58:45.202 [info] [Model][openRepository] Opened repository: /home/thiago/Trilhas-de-Aprendizagem
2024-11-30 22:58:45.253 [info] > git rev-parse --show-toplevel [21ms]
2024-11-30 22:58:45.254 [info] > git config --get commit.template [34ms]
2024-11-30 22:58:45.312 [info] > git rev-parse --show-toplevel [42ms]
2024-11-30 22:58:45.342 [info] > git for-each-ref --format=%(refname)%00%(upstream:short)%00%(objectname)%00%(upstream:track)%00%(upstream:remotename)%00%(upstream:remoteref) refs/heads/main refs/remotes/main [33ms]
2024-11-30 22:58:45.353 [warning] [Git][revParse] Unable to read file: ENOENT: no such file or directory, open '/home/thiago/Trilhas-de-Aprendizagem/.git/refs/remotes/origin/main'
2024-11-30 22:58:45.354 [info] > git rev-parse --show-toplevel [14ms]
2024-11-30 22:58:45.359 [info] [Model][doInitialScan] Initial repository scan completed - repositories (1), closed repositories (0), parent repositories (0), unsafe repositories (0)
2024-11-30 22:58:45.366 [info] > git rev-parse refs/remotes/origin/main [14ms]
2024-11-30 22:58:45.389 [info] > git status -z -uall [15ms]
2024-11-30 22:58:45.394 [info] > git for-each-ref --sort -committerdate --format %(refname) %(objectname) %(*objectname) [7ms]
2024-11-30 22:58:45.442 [info] > git for-each-ref --format=%(refname)%00%(upstream:short)%00%(objectname)%00%(upstream:track)%00%(upstream:remotename)%00%(upstream:remoteref) refs/heads/main refs/remotes/main [20ms]
2024-11-30 22:58:45.467 [info] > git config --local branch.main.vscode-merge-base [12ms]
2024-11-30 22:58:45.467 [warning] [Git][config] git config failed: Failed to execute git
2024-11-30 22:58:45.477 [info] > git config --get commit.template [37ms]
2024-11-30 22:58:45.482 [info] > git reflog main --grep-reflog=branch: Created from *. [6ms]
2024-11-30 22:58:45.580 [info] > git for-each-ref --format=%(refname)%00%(upstream:short)%00%(objectname)%00%(upstream:track)%00%(upstream:remotename)%00%(upstream:remoteref) refs/heads/main refs/remotes/main [76ms]
2024-11-30 22:58:45.581 [info] > git symbolic-ref --short refs/remotes/origin/HEAD [89ms]
2024-11-30 22:58:45.603 [warning] [Git][revParse] Unable to read file: ENOENT: no such file or directory, open '/home/thiago/Trilhas-de-Aprendizagem/.git/refs/remotes/origin/main'
2024-11-30 22:58:45.607 [info] > git rev-parse refs/remotes/origin/main [3ms]
2024-11-30 22:58:45.629 [info] > git for-each-ref --format=%(refname)%00%(upstream:short)%00%(objectname)%00%(upstream:track)%00%(upstream:remotename)%00%(upstream:remoteref) refs/heads/origin/main refs/remotes/origin/main [38ms]
2024-11-30 22:58:45.642 [info] > git status -z -uall [24ms]
2024-11-30 22:58:45.642 [info] > git for-each-ref --sort -committerdate --format %(refname) %(objectname) %(*objectname) [14ms]
2024-11-30 22:58:45.673 [info] > git for-each-ref --format=%(refname)%00%(upstream:short)%00%(objectname)%00%(upstream:track)%00%(upstream:remotename)%00%(upstream:remoteref) refs/heads/main refs/remotes/main [11ms]
2024-11-30 22:58:45.686 [info] > git config --local branch.main.vscode-merge-base origin/main [47ms]
2024-11-30 22:58:45.706 [info] > git config --local branch.main.vscode-merge-base [20ms]
2024-11-30 22:58:45.739 [info] > git for-each-ref --format=%(refname)%00%(upstream:short)%00%(objectname)%00%(upstream:track)%00%(upstream:remotename)%00%(upstream:remoteref) refs/heads/origin/main refs/remotes/origin/main [17ms]
2024-11-30 22:58:45.757 [info] > git config --get commit.template [52ms]
2024-11-30 22:58:45.800 [info] > git merge-base refs/heads/main refs/remotes/origin/main [45ms]
2024-11-30 22:58:45.965 [info] > git diff --name-status -z --diff-filter=ADMR 64bedad972e8a02ab4b19d6b018247be4c795a93...refs/remotes/origin/main [155ms]
2024-11-30 22:58:45.991 [info] > git for-each-ref --format=%(refname)%00%(upstream:short)%00%(objectname)%00%(upstream:track)%00%(upstream:remotename)%00%(upstream:remoteref) refs/heads/main refs/remotes/main [29ms]
2024-11-30 22:58:46.009 [warning] [Git][revParse] Unable to read file: ENOENT: no such file or directory, open '/home/thiago/Trilhas-de-Aprendizagem/.git/refs/remotes/origin/main'
2024-11-30 22:58:46.010 [info] > git check-ignore -v -z --stdin [30ms]
2024-11-30 22:58:46.038 [info] > git rev-parse refs/remotes/origin/main [29ms]
2024-11-30 22:58:46.197 [info] > git status -z -uall [131ms]
2024-11-30 22:58:46.197 [info] > git for-each-ref --sort -committerdate --format %(refname) %(objectname) %(*objectname) [107ms]
2024-11-30 22:58:48.688 [info] > git show --textconv :src/trilha3/veiculo.ts [109ms]
2024-11-30 22:58:48.721 [info] > git ls-files --stage -- /home/thiago/Trilhas-de-Aprendizagem/src/trilha3/veiculo.ts [100ms]
2024-11-30 22:58:50.296 [info] > git config --get commit.template [76ms]
2024-11-30 22:58:50.325 [info] > git for-each-ref --format=%(refname)%00%(upstream:short)%00%(objectname)%00%(upstream:track)%00%(upstream:remotename)%00%(upstream:remoteref) refs/heads/main refs/remotes/main [4ms]
2024-11-30 22:58:50.361 [warning] [Git][revParse] Unable to read file: ENOENT: no such file or directory, open '/home/thiago/Trilhas-de-Aprendizagem/.git/refs/remotes/origin/main'
2024-11-30 22:58:50.369 [info] > git rev-parse refs/remotes/origin/main [9ms]
2024-11-30 22:58:50.448 [info] > git status -z -uall [45ms]
2024-11-30 22:58:50.454 [info] > git for-each-ref --sort -committerdate --format %(refname) %(objectname) %(*objectname) [16ms]
2024-11-30 22:58:55.511 [info] > git config --get commit.template [16ms]
2024-11-30 22:58:55.512 [info] > git for-each-ref --format=%(refname)%00%(upstream:short)%00%(objectname)%00%(upstream:track)%00%(upstream:remotename)%00%(upstream:remoteref) refs/heads/main refs/remotes/main [3ms]
2024-11-30 22:58:55.519 [warning] [Git][revParse] Unable to read file: ENOENT: no such file or directory, open '/home/thiago/Trilhas-de-Aprendizagem/.git/refs/remotes/origin/main'
2024-11-30 22:58:55.521 [info] > git rev-parse refs/remotes/origin/main [2ms]
2024-11-30 22:58:55.538 [info] > git status -z -uall [9ms]
2024-11-30 22:58:55.540 [info] > git for-each-ref --sort -committerdate --format %(refname) %(objectname) %(*objectname) [4ms]
2024-11-30 22:59:02.940 [info] > git config --get commit.template [14ms]
2024-11-30 22:59:02.942 [info] > git for-each-ref --format=%(refname)%00%(upstream:short)%00%(objectname)%00%(upstream:track)%00%(upstream:remotename)%00%(upstream:remoteref) refs/heads/main refs/remotes/main [3ms]
2024-11-30 22:59:02.956 [warning] [Git][revParse] Unable to read file: ENOENT: no such file or directory, open '/home/thiago/Trilhas-de-Aprendizagem/.git/refs/remotes/origin/main'
2024-11-30 22:59:02.960 [info] > git rev-parse refs/remotes/origin/main [4ms]
2024-11-30 22:59:02.987 [info] > git status -z -uall [10ms]
2024-11-30 22:59:02.990 [info] > git for-each-ref --sort -committerdate --format %(refname) %(objectname) %(*objectname) [5ms]
2024-11-30 22:59:04.431 [info] > git ls-files --stage -- /home/thiago/Trilhas-de-Aprendizagem/src/trilha3/veiculo.ts [2ms]
2024-11-30 22:59:04.451 [info] > git show --textconv :src/trilha3/veiculo.ts [2ms]
2024-11-30 22:59:07.122 [info] > git config --get commit.template [16ms]
2024-11-30 22:59:07.124 [info] > git for-each-ref --format=%(refname)%00%(upstream:short)%00%(objectname)%00%(upstream:track)%00%(upstream:remotename)%00%(upstream:remoteref) refs/heads/main refs/remotes/main [3ms]
2024-11-30 22:59:07.136 [warning] [Git][revParse] Unable to read file: ENOENT: no such file or directory, open '/home/thiago/Trilhas-de-Aprendizagem/.git/refs/remotes/origin/main'
2024-11-30 22:59:07.139 [info] > git rev-parse refs/remotes/origin/main [3ms]
2024-11-30 22:59:07.160 [info] > git status -z -uall [9ms]
2024-11-30 22:59:07.163 [info] > git for-each-ref --sort -committerdate --format %(refname) %(objectname) %(*objectname) [4ms]
2024-11-30 22:59:08.036 [info] > git config --get commit.template [16ms]
2024-11-30 22:59:08.038 [info] > git for-each-ref --format=%(refname)%00%(upstream:short)%00%(objectname)%00%(upstream:track)%00%(upstream:remotename)%00%(upstream:remoteref) refs/heads/main refs/remotes/main [3ms]
2024-11-30 22:59:08.049 [warning] [Git][revParse] Unable to read file: ENOENT: no such file or directory, open '/home/thiago/Trilhas-de-Aprendizagem/.git/refs/remotes/origin/main'
2024-11-30 22:59:08.052 [info] > git rev-parse refs/remotes/origin/main [2ms]
2024-11-30 22:59:08.073 [info] > git status -z -uall [11ms]
2024-11-30 22:59:08.075 [info] > git for-each-ref --sort -committerdate --format %(refname) %(objectname) %(*objectname) [5ms]
2024-11-30 22:59:08.431 [info] > git ls-files --stage -- /home/thiago/Trilhas-de-Aprendizagem/src/trilha3/veiculo.ts [2ms]
2024-11-30 22:59:08.450 [info] > git cat-file -s 9b690f799547d43fc619f8ca49eaf55663ddb6ea [6ms]
2024-11-30 22:59:08.472 [info] > git show --textconv :src/trilha3/veiculo.ts [3ms]
2024-11-30 22:59:08.632 [info] > git for-each-ref --format=%(refname)%00%(upstream:short)%00%(objectname)%00%(upstream:track)%00%(upstream:remotename)%00%(upstream:remoteref) refs/heads/main refs/remotes/main [13ms]
2024-11-30 22:59:08.632 [info] > git config --get commit.template [25ms]
2024-11-30 22:59:08.643 [warning] [Git][revParse] Unable to read file: ENOENT: no such file or directory, open '/home/thiago/Trilhas-de-Aprendizagem/.git/refs/remotes/origin/main'
2024-11-30 22:59:08.645 [info] > git rev-parse refs/remotes/origin/main [2ms]
2024-11-30 22:59:08.667 [info] > git status -z -uall [13ms]
2024-11-30 22:59:08.669 [info] > git for-each-ref --sort -committerdate --format %(refname) %(objectname) %(*objectname) [4ms]
2024-11-30 22:59:08.697 [info] > git merge-base refs/heads/main refs/remotes/origin/main [7ms]
2024-11-30 22:59:08.712 [info] > git diff --name-status -z --diff-filter=ADMR 64bedad972e8a02ab4b19d6b018247be4c795a93...refs/remotes/origin/main [3ms]
2024-11-30 22:59:09.748 [info] > git ls-files --stage -- /home/thiago/Trilhas-de-Aprendizagem/src/trilha3/veiculo.ts [3ms]
2024-11-30 22:59:09.765 [info] > git cat-file -s 9b690f799547d43fc619f8ca49eaf55663ddb6ea [3ms]
2024-11-30 22:59:09.785 [info] > git show --textconv :src/trilha3/veiculo.ts [3ms]
2024-11-30 22:59:13.113 [info] > git config --get commit.template [14ms]
2024-11-30 22:59:13.116 [info] > git for-each-ref --format=%(refname)%00%(upstream:short)%00%(objectname)%00%(upstream:track)%00%(upstream:remotename)%00%(upstream:remoteref) refs/heads/main refs/remotes/main [4ms]
2024-11-30 22:59:13.132 [warning] [Git][revParse] Unable to read file: ENOENT: no such file or directory, open '/home/thiago/Trilhas-de-Aprendizagem/.git/refs/remotes/origin/main'
2024-11-30 22:59:13.134 [info] > git rev-parse refs/remotes/origin/main [2ms]
2024-11-30 22:59:13.158 [info] > git status -z -uall [9ms]
2024-11-30 22:59:13.160 [info] > git for-each-ref --sort -committerdate --format %(refname) %(objectname) %(*objectname) [3ms]
2024-11-30 22:59:18.204 [info] > git config --get commit.template [15ms]
2024-11-30 22:59:18.207 [info] > git for-each-ref --format=%(refname)%00%(upstream:short)%00%(objectname)%00%(upstream:track)%00%(upstream:remotename)%00%(upstream:remoteref) refs/heads/main refs/remotes/main [3ms]
2024-11-30 22:59:18.222 [warning] [Git][revParse] Unable to read file: ENOENT: no such file or directory, open '/home/thiago/Trilhas-de-Aprendizagem/.git/refs/remotes/origin/main'
2024-11-30 22:59:18.224 [info] > git rev-parse refs/remotes/origin/main [3ms]
2024-11-30 22:59:18.250 [info] > git status -z -uall [11ms]
2024-11-30 22:59:18.252 [info] > git for-each-ref --sort -committerdate --format %(refname) %(objectname) %(*objectname) [3ms]
2024-11-30 22:59:28.270 [info] > git config --get commit.template [10ms]
2024-11-30 22:59:28.272 [info] > git for-each-ref --format=%(refname)%00%(upstream:short)%00%(objectname)%00%(upstream:track)%00%(upstream:remotename)%00%(upstream:remoteref) refs/heads/main refs/remotes/main [2ms]
2024-11-30 22:59:28.280 [warning] [Git][revParse] Unable to read file: ENOENT: no such file or directory, open '/home/thiago/Trilhas-de-Aprendizagem/.git/refs/remotes/origin/main'
2024-11-30 22:59:28.282 [info] > git rev-parse refs/remotes/origin/main [2ms]
2024-11-30 22:59:28.303 [info] > git status -z -uall [11ms]
2024-11-30 22:59:28.304 [info] > git for-each-ref --sort -committerdate --format %(refname) %(objectname) %(*objectname) [3ms]
2024-11-30 22:59:33.333 [info] > git config --get commit.template [4ms]
2024-11-30 22:59:33.350 [info] > git for-each-ref --format=%(refname)%00%(upstream:short)%00%(objectname)%00%(upstream:track)%00%(upstream:remotename)%00%(upstream:remoteref) refs/heads/main refs/remotes/main [3ms]
2024-11-30 22:59:33.365 [warning] [Git][revParse] Unable to read file: ENOENT: no such file or directory, open '/home/thiago/Trilhas-de-Aprendizagem/.git/refs/remotes/origin/main'
2024-11-30 22:59:33.367 [info] > git rev-parse refs/remotes/origin/main [3ms]
2024-11-30 22:59:33.392 [info] > git status -z -uall [10ms]
2024-11-30 22:59:33.394 [info] > git for-each-ref --sort -committerdate --format %(refname) %(objectname) %(*objectname) [3ms]
2024-11-30 22:59:38.434 [info] > git config --get commit.template [24ms]
2024-11-30 22:59:38.438 [info] > git for-each-ref --format=%(refname)%00%(upstream:short)%00%(objectname)%00%(upstream:track)%00%(upstream:remotename)%00%(upstream:remoteref) refs/heads/main refs/remotes/main [8ms]
2024-11-30 22:59:38.451 [warning] [Git][revParse] Unable to read file: ENOENT: no such file or directory, open '/home/thiago/Trilhas-de-Aprendizagem/.git/refs/remotes/origin/main'
2024-11-30 22:59:38.453 [info] > git rev-parse refs/remotes/origin/main [2ms]
2024-11-30 22:59:38.474 [info] > git status -z -uall [12ms]
2024-11-30 22:59:38.476 [info] > git for-each-ref --sort -committerdate --format %(refname) %(objectname) %(*objectname) [3ms]
2024-11-30 22:59:43.518 [info] > git config --get commit.template [15ms]
2024-11-30 22:59:43.530 [info] > git for-each-ref --format=%(refname)%00%(upstream:short)%00%(objectname)%00%(upstream:track)%00%(upstream:remotename)%00%(upstream:remoteref) refs/heads/main refs/remotes/main [15ms]
2024-11-30 22:59:43.542 [warning] [Git][revParse] Unable to read file: ENOENT: no such file or directory, open '/home/thiago/Trilhas-de-Aprendizagem/.git/refs/remotes/origin/main'
2024-11-30 22:59:43.543 [info] > git ls-files --stage -- /home/thiago/Trilhas-de-Aprendizagem/src/trilha3/veiculo.ts [14ms]
2024-11-30 22:59:43.555 [info] > git rev-parse refs/remotes/origin/main [13ms]
2024-11-30 22:59:43.576 [info] > git status -z -uall [13ms]
2024-11-30 22:59:43.577 [info] > git cat-file -s 9b690f799547d43fc619f8ca49eaf55663ddb6ea [24ms]
2024-11-30 22:59:43.578 [info] > git for-each-ref --sort -committerdate --format %(refname) %(objectname) %(*objectname) [4ms]
2024-11-30 22:59:43.597 [info] > git show --textconv :src/trilha3/veiculo.ts [3ms]
2024-11-30 22:59:48.608 [info] > git config --get commit.template [12ms]
2024-11-30 22:59:48.610 [info] > git for-each-ref --format=%(refname)%00%(upstream:short)%00%(objectname)%00%(upstream:track)%00%(upstream:remotename)%00%(upstream:remoteref) refs/heads/main refs/remotes/main [3ms]
2024-11-30 22:59:48.618 [warning] [Git][revParse] Unable to read file: ENOENT: no such file or directory, open '/home/thiago/Trilhas-de-Aprendizagem/.git/refs/remotes/origin/main'
2024-11-30 22:59:48.620 [info] > git rev-parse refs/remotes/origin/main [2ms]
2024-11-30 22:59:48.639 [info] > git status -z -uall [11ms]
2024-11-30 22:59:48.642 [info] > git for-each-ref --sort -committerdate --format %(refname) %(objectname) %(*objectname) [3ms]
2024-11-30 22:59:51.001 [info] > git show --textconv :src/trilha3/Animal.ts [15ms]
2024-11-30 22:59:51.002 [info] > git ls-files --stage -- /home/thiago/Trilhas-de-Aprendizagem/src/trilha3/Animal.ts [3ms]
2024-11-30 22:59:51.014 [info] > git cat-file -s 21477649b9292652216f1fcfdd1c013a8e2eb60f [2ms]
2024-11-30 22:59:53.674 [info] > git config --get commit.template [13ms]
2024-11-30 22:59:53.676 [info] > git for-each-ref --format=%(refname)%00%(upstream:short)%00%(objectname)%00%(upstream:track)%00%(upstream:remotename)%00%(upstream:remoteref) refs/heads/main refs/remotes/main [3ms]
2024-11-30 22:59:53.686 [warning] [Git][revParse] Unable to read file: ENOENT: no such file or directory, open '/home/thiago/Trilhas-de-Aprendizagem/.git/refs/remotes/origin/main'
2024-11-30 22:59:53.688 [info] > git rev-parse refs/remotes/origin/main [2ms]
2024-11-30 22:59:53.709 [info] > git status -z -uall [12ms]
2024-11-30 22:59:53.711 [info] > git for-each-ref --sort -committerdate --format %(refname) %(objectname) %(*objectname) [2ms]
2024-11-30 23:00:01.481 [info] > git config --get commit.template [11ms]
2024-11-30 23:00:01.482 [info] > git for-each-ref --format=%(refname)%00%(upstream:short)%00%(objectname)%00%(upstream:track)%00%(upstream:remotename)%00%(upstream:remoteref) refs/heads/main refs/remotes/main [2ms]
2024-11-30 23:00:01.494 [warning] [Git][revParse] Unable to read file: ENOENT: no such file or directory, open '/home/thiago/Trilhas-de-Aprendizagem/.git/refs/remotes/origin/main'
2024-11-30 23:00:01.496 [info] > git rev-parse refs/remotes/origin/main [2ms]
2024-11-30 23:00:01.517 [info] > git status -z -uall [9ms]
2024-11-30 23:00:01.520 [info] > git for-each-ref --sort -committerdate --format %(refname) %(objectname) %(*objectname) [3ms]
2024-11-30 23:00:05.025 [info] > git config --get commit.template [15ms]
2024-11-30 23:00:05.028 [info] > git for-each-ref --format=%(refname)%00%(upstream:short)%00%(objectname)%00%(upstream:track)%00%(upstream:remotename)%00%(upstream:remoteref) refs/heads/main refs/remotes/main [5ms]
2024-11-30 23:00:05.073 [info] > git status -z -uall [32ms]
2024-11-30 23:00:05.074 [info] > git for-each-ref --sort -committerdate --format %(refname) %(objectname) %(*objectname) [16ms]
2024-11-30 23:00:05.099 [info] > git merge-base refs/heads/main refs/remotes/origin/main [5ms]
2024-11-30 23:00:05.115 [info] > git diff --name-status -z --diff-filter=ADMR 350085ddd5359a367490074f8aee026e114a4848...refs/remotes/origin/main [4ms]
2024-11-30 23:00:06.217 [info] > git ls-files --stage -- /home/thiago/Trilhas-de-Aprendizagem/src/trilha3/Animal.ts [2ms]
2024-11-30 23:00:06.229 [info] > git cat-file -s 21477649b9292652216f1fcfdd1c013a8e2eb60f [2ms]
2024-11-30 23:00:06.245 [info] > git show --textconv :src/trilha3/Animal.ts [2ms]
2024-11-30 23:00:33.742 [info] > git config --get commit.template [15ms]
2024-11-30 23:00:33.745 [info] > git for-each-ref --format=%(refname)%00%(upstream:short)%00%(objectname)%00%(upstream:track)%00%(upstream:remotename)%00%(upstream:remoteref) refs/heads/main refs/remotes/main [3ms]
2024-11-30 23:00:33.770 [info] > git for-each-ref --sort -committerdate --format %(refname) %(objectname) %(*objectname) [3ms]
2024-11-30 23:00:33.776 [info] > git status -z -uall [19ms]
2024-11-30 23:01:40.802 [info] > git config --get commit.template [8ms]
2024-11-30 23:01:40.826 [info] > git for-each-ref --format=%(refname)%00%(upstream:short)%00%(objectname)%00%(upstream:track)%00%(upstream:remotename)%00%(upstream:remoteref) refs/heads/main refs/remotes/main [3ms]
2024-11-30 23:01:40.853 [info] > git status -z -uall [16ms]
2024-11-30 23:01:40.854 [info] > git for-each-ref --sort -committerdate --format %(refname) %(objectname) %(*objectname) [3ms]
2024-11-30 23:01:45.881 [info] > git config --get commit.template [3ms]
2024-11-30 23:01:45.894 [info] > git for-each-ref --format=%(refname)%00%(upstream:short)%00%(objectname)%00%(upstream:track)%00%(upstream:remotename)%00%(upstream:remoteref) refs/heads/main refs/remotes/main [2ms]
2024-11-30 23:01:45.913 [info] > git status -z -uall [10ms]
2024-11-30 23:01:45.914 [info] > git for-each-ref --sort -committerdate --format %(refname) %(objectname) %(*objectname) [2ms]
2024-11-30 23:01:47.903 [info] > git check-ignore -v -z --stdin [2ms]
2024-11-30 23:03:32.737 [info] > git config --get commit.template [11ms]
2024-11-30 23:03:32.738 [info] > git for-each-ref --format=%(refname)%00%(upstream:short)%00%(objectname)%00%(upstream:track)%00%(upstream:remotename)%00%(upstream:remoteref) refs/heads/main refs/remotes/main [3ms]
2024-11-30 23:03:32.764 [info] > git for-each-ref --sort -committerdate --format %(refname) %(objectname) %(*objectname) [1ms]
2024-11-30 23:03:32.769 [info] > git status -z -uall [22ms]
2024-11-30 23:03:37.811 [info] > git config --get commit.template [16ms]
2024-11-30 23:03:37.814 [info] > git for-each-ref --format=%(refname)%00%(upstream:short)%00%(objectname)%00%(upstream:track)%00%(upstream:remotename)%00%(upstream:remoteref) refs/heads/main refs/remotes/main [3ms]
2024-11-30 23:03:37.836 [info] > git for-each-ref --sort -committerdate --format %(refname) %(objectname) %(*objectname) [3ms]
2024-11-30 23:03:37.837 [info] > git status -z -uall [14ms]
2024-11-30 23:03:40.364 [info] > git show --textconv :src/trilha4/Produto.ts [12ms]
2024-11-30 23:03:40.367 [info] > git ls-files --stage -- /home/thiago/Trilhas-de-Aprendizagem/src/trilha4/Produto.ts [4ms]
2024-11-30 23:03:40.574 [info] > git check-ignore -v -z --stdin [2ms]
2024-11-30 23:03:42.970 [info] > git config --get commit.template [13ms]
2024-11-30 23:03:42.972 [info] > git for-each-ref --format=%(refname)%00%(upstream:short)%00%(objectname)%00%(upstream:track)%00%(upstream:remotename)%00%(upstream:remoteref) refs/heads/main refs/remotes/main [3ms]
2024-11-30 23:03:42.991 [info] > git for-each-ref --sort -committerdate --format %(refname) %(objectname) %(*objectname) [2ms]
2024-11-30 23:03:42.992 [info] > git status -z -uall [11ms]
2024-11-30 23:03:48.019 [info] > git config --get commit.template [12ms]
2024-11-30 23:03:48.021 [info] > git for-each-ref --format=%(refname)%00%(upstream:short)%00%(objectname)%00%(upstream:track)%00%(upstream:remotename)%00%(upstream:remoteref) refs/heads/main refs/remotes/main [3ms]
2024-11-30 23:03:48.043 [info] > git for-each-ref --sort -committerdate --format %(refname) %(objectname) %(*objectname) [2ms]
2024-11-30 23:03:48.053 [info] > git status -z -uall [22ms]
2024-11-30 23:03:53.091 [info] > git config --get commit.template [15ms]
2024-11-30 23:03:53.094 [info] > git for-each-ref --format=%(refname)%00%(upstream:short)%00%(objectname)%00%(upstream:track)%00%(upstream:remotename)%00%(upstream:remoteref) refs/heads/main refs/remotes/main [2ms]
2024-11-30 23:03:53.121 [info] > git for-each-ref --sort -committerdate --format %(refname) %(objectname) %(*objectname) [3ms]
2024-11-30 23:03:53.126 [info] > git status -z -uall [16ms]
2024-11-30 23:04:06.091 [info] > git config --get commit.template [13ms]
2024-11-30 23:04:06.093 [info] > git for-each-ref --format=%(refname)%00%(upstream:short)%00%(objectname)%00%(upstream:track)%00%(upstream:remotename)%00%(upstream:remoteref) refs/heads/main refs/remotes/main [2ms]
2024-11-30 23:04:06.118 [info] > git for-each-ref --sort -committerdate --format %(refname) %(objectname) %(*objectname) [2ms]
2024-11-30 23:04:06.124 [info] > git status -z -uall [16ms]
2024-11-30 23:04:23.774 [info] > git config --get commit.template [10ms]
2024-11-30 23:04:23.776 [info] > git for-each-ref --format=%(refname)%00%(upstream:short)%00%(objectname)%00%(upstream:track)%00%(upstream:remotename)%00%(upstream:remoteref) refs/heads/main refs/remotes/main [3ms]
2024-11-30 23:04:23.796 [info] > git for-each-ref --sort -committerdate --format %(refname) %(objectname) %(*objectname) [3ms]
2024-11-30 23:04:23.801 [info] > git status -z -uall [16ms]
2024-11-30 23:04:38.939 [info] > git config --get commit.template [2ms]
2024-11-30 23:04:38.967 [info] > git for-each-ref --format=%(refname)%00%(upstream:short)%00%(objectname)%00%(upstream:track)%00%(upstream:remotename)%00%(upstream:remoteref) refs/heads/main refs/remotes/main [2ms]
2024-11-30 23:04:39.008 [info] > git for-each-ref --sort -committerdate --format %(refname) %(objectname) %(*objectname) [3ms]
2024-11-30 23:04:39.018 [info] > git status -z -uall [33ms]
2024-11-30 23:04:43.468 [info] > git show --textconv :src/trilha4/Documentos [14ms]
2024-11-30 23:04:43.471 [info] > git ls-files --stage -- /home/thiago/Trilhas-de-Aprendizagem/src/trilha4/Documentos [4ms]
2024-11-30 23:04:43.705 [info] > git check-ignore -v -z --stdin [2ms]
2024-11-30 23:04:44.046 [info] > git config --get commit.template [11ms]
2024-11-30 23:04:44.047 [info] > git for-each-ref --format=%(refname)%00%(upstream:short)%00%(objectname)%00%(upstream:track)%00%(upstream:remotename)%00%(upstream:remoteref) refs/heads/main refs/remotes/main [2ms]
2024-11-30 23:04:44.070 [info] > git for-each-ref --sort -committerdate --format %(refname) %(objectname) %(*objectname) [3ms]
2024-11-30 23:04:44.075 [info] > git status -z -uall [18ms]
2024-11-30 23:04:49.128 [info] > git config --get commit.template [20ms]
2024-11-30 23:04:49.130 [info] > git for-each-ref --format=%(refname)%00%(upstream:short)%00%(objectname)%00%(upstream:track)%00%(upstream:remotename)%00%(upstream:remoteref) refs/heads/main refs/remotes/main [5ms]
2024-11-30 23:04:49.166 [info] > git for-each-ref --sort -committerdate --format %(refname) %(objectname) %(*objectname) [4ms]
2024-11-30 23:04:49.172 [info] > git status -z -uall [28ms]
2024-11-30 23:04:53.661 [info] > git show --textconv :src/trilha4/Documentos.ts [20ms]
2024-11-30 23:04:53.668 [info] > git ls-files --stage -- /home/thiago/Trilhas-de-Aprendizagem/src/trilha4/Documentos.ts [10ms]
2024-11-30 23:04:53.897 [info] > git check-ignore -v -z --stdin [2ms]
2024-11-30 23:04:54.195 [info] > git config --get commit.template [3ms]
2024-11-30 23:04:54.212 [info] > git for-each-ref --format=%(refname)%00%(upstream:short)%00%(objectname)%00%(upstream:track)%00%(upstream:remotename)%00%(upstream:remoteref) refs/heads/main refs/remotes/main [3ms]
2024-11-30 23:04:54.248 [info] > git for-each-ref --sort -committerdate --format %(refname) %(objectname) %(*objectname) [5ms]
2024-11-30 23:04:54.257 [info] > git status -z -uall [29ms]
2024-11-30 23:04:55.156 [info] > git show --textconv :src/trilha4/Produto.ts [16ms]
2024-11-30 23:04:55.158 [info] > git ls-files --stage -- /home/thiago/Trilhas-de-Aprendizagem/src/trilha4/Produto.ts [4ms]
2024-11-30 23:05:03.829 [info] > git config --get commit.template [5ms]
2024-11-30 23:05:03.858 [info] > git for-each-ref --format=%(refname)%00%(upstream:short)%00%(objectname)%00%(upstream:track)%00%(upstream:remotename)%00%(upstream:remoteref) refs/heads/main refs/remotes/main [6ms]
2024-11-30 23:05:03.896 [info] > git for-each-ref --sort -committerdate --format %(refname) %(objectname) %(*objectname) [3ms]
2024-11-30 23:05:03.900 [info] > git status -z -uall [28ms]
2024-11-30 23:05:10.960 [info] > git config --get commit.template [5ms]
2024-11-30 23:05:10.976 [info] > git for-each-ref --format=%(refname)%00%(upstream:short)%00%(objectname)%00%(upstream:track)%00%(upstream:remotename)%00%(upstream:remoteref) refs/heads/main refs/remotes/main [3ms]
2024-11-30 23:05:11.004 [info] > git for-each-ref --sort -committerdate --format %(refname) %(objectname) %(*objectname) [5ms]
2024-11-30 23:05:11.011 [info] > git status -z -uall [25ms]
2024-11-30 23:05:16.053 [info] > git config --get commit.template [16ms]
2024-11-30 23:05:16.055 [info] > git for-each-ref --format=%(refname)%00%(upstream:short)%00%(objectname)%00%(upstream:track)%00%(upstream:remotename)%00%(upstream:remoteref) refs/heads/main refs/remotes/main [3ms]
2024-11-30 23:05:16.087 [info] > git for-each-ref --sort -committerdate --format %(refname) %(objectname) %(*objectname) [3ms]
2024-11-30 23:05:16.094 [info] > git status -z -uall [21ms]
2024-11-30 23:05:17.622 [info] > git show --textconv :src/trilha4/ProdutosLoja.ts [19ms]
2024-11-30 23:05:17.625 [info] > git ls-files --stage -- /home/thiago/Trilhas-de-Aprendizagem/src/trilha4/ProdutosLoja.ts [8ms]
2024-11-30 23:05:17.805 [info] > git check-ignore -v -z --stdin [3ms]
2024-11-30 23:05:26.865 [info] > git config --get commit.template [8ms]
2024-11-30 23:05:26.888 [info] > git for-each-ref --format=%(refname)%00%(upstream:short)%00%(objectname)%00%(upstream:track)%00%(upstream:remotename)%00%(upstream:remoteref) refs/heads/main refs/remotes/main [4ms]
2024-11-30 23:05:26.927 [info] > git for-each-ref --sort -committerdate --format %(refname) %(objectname) %(*objectname) [3ms]
2024-11-30 23:05:26.935 [info] > git status -z -uall [30ms]
2024-11-30 23:05:33.184 [info] > git show --textconv :src/trilha4/Biblioteca.ts [15ms]
2024-11-30 23:05:33.188 [info] > git ls-files --stage -- /home/thiago/Trilhas-de-Aprendizagem/src/trilha4/Biblioteca.ts [5ms]
2024-11-30 23:05:33.405 [info] > git check-ignore -v -z --stdin [2ms]
2024-11-30 23:05:33.916 [info] > git config --get commit.template [10ms]
2024-11-30 23:05:33.917 [info] > git for-each-ref --format=%(refname)%00%(upstream:short)%00%(objectname)%00%(upstream:track)%00%(upstream:remotename)%00%(upstream:remoteref) refs/heads/main refs/remotes/main [3ms]
2024-11-30 23:05:33.948 [info] > git for-each-ref --sort -committerdate --format %(refname) %(objectname) %(*objectname) [5ms]
2024-11-30 23:05:33.950 [info] > git status -z -uall [21ms]
2024-11-30 23:05:42.884 [info] > git for-each-ref --format=%(refname)%00%(upstream:short)%00%(objectname)%00%(upstream:track)%00%(upstream:remotename)%00%(upstream:remoteref) refs/heads/main refs/remotes/main [9ms]
2024-11-30 23:05:42.884 [info] > git config --get commit.template [30ms]
2024-11-30 23:05:42.934 [info] > git for-each-ref --sort -committerdate --format %(refname) %(objectname) %(*objectname) [7ms]
2024-11-30 23:05:42.938 [info] > git status -z -uall [32ms]
2024-11-30 23:05:59.192 [info] > git show --textconv :src/trilha4/BibliotecaAvancada [14ms]
2024-11-30 23:05:59.194 [info] > git ls-files --stage -- /home/thiago/Trilhas-de-Aprendizagem/src/trilha4/BibliotecaAvancada [3ms]
2024-11-30 23:05:59.424 [info] > git check-ignore -v -z --stdin [4ms]
2024-11-30 23:06:00.355 [info] > git config --get commit.template [12ms]
2024-11-30 23:06:00.357 [info] > git for-each-ref --format=%(refname)%00%(upstream:short)%00%(objectname)%00%(upstream:track)%00%(upstream:remotename)%00%(upstream:remoteref) refs/heads/main refs/remotes/main [2ms]
2024-11-30 23:06:00.380 [info] > git for-each-ref --sort -committerdate --format %(refname) %(objectname) %(*objectname) [2ms]
2024-11-30 23:06:00.385 [info] > git status -z -uall [17ms]
2024-11-30 23:06:04.024 [info] > git show --textconv :src/trilha4/BibliotecaAvancada.ts [44ms]
2024-11-30 23:06:04.024 [info] > git ls-files --stage -- /home/thiago/Trilhas-de-Aprendizagem/src/trilha4/BibliotecaAvancada.ts [8ms]
2024-11-30 23:06:04.183 [info] > git check-ignore -v -z --stdin [7ms]
2024-11-30 23:06:07.029 [info] > git config --get commit.template [26ms]
2024-11-30 23:06:07.029 [info] > git for-each-ref --format=%(refname)%00%(upstream:short)%00%(objectname)%00%(upstream:track)%00%(upstream:remotename)%00%(upstream:remoteref) refs/heads/main refs/remotes/main [1ms]
2024-11-30 23:06:07.061 [info] > git for-each-ref --sort -committerdate --format %(refname) %(objectname) %(*objectname) [3ms]
2024-11-30 23:06:07.066 [info] > git status -z -uall [21ms]
2024-11-30 23:06:12.120 [info] > git config --get commit.template [13ms]
2024-11-30 23:06:12.122 [info] > git for-each-ref --format=%(refname)%00%(upstream:short)%00%(objectname)%00%(upstream:track)%00%(upstream:remotename)%00%(upstream:remoteref) refs/heads/main refs/remotes/main [3ms]
2024-11-30 23:06:12.148 [info] > git for-each-ref --sort -committerdate --format %(refname) %(objectname) %(*objectname) [3ms]
2024-11-30 23:06:12.153 [info] > git status -z -uall [21ms]
2024-11-30 23:06:14.394 [info] > git check-ignore -v -z --stdin [2ms]
2024-11-30 23:06:23.685 [info] > git config --get commit.template [2ms]
2024-11-30 23:06:23.708 [info] > git for-each-ref --format=%(refname)%00%(upstream:short)%00%(objectname)%00%(upstream:track)%00%(upstream:remotename)%00%(upstream:remoteref) refs/heads/main refs/remotes/main [4ms]
2024-11-30 23:06:23.746 [info] > git for-each-ref --sort -committerdate --format %(refname) %(objectname) %(*objectname) [5ms]
2024-11-30 23:06:23.755 [info] > git status -z -uall [31ms]
2024-11-30 23:06:29.250 [info] > git config --get commit.template [13ms]
2024-11-30 23:06:29.253 [info] > git for-each-ref --format=%(refname)%00%(upstream:short)%00%(objectname)%00%(upstream:track)%00%(upstream:remotename)%00%(upstream:remoteref) refs/heads/main refs/remotes/main [2ms]
2024-11-30 23:06:29.279 [info] > git for-each-ref --sort -committerdate --format %(refname) %(objectname) %(*objectname) [3ms]
2024-11-30 23:06:29.285 [info] > git status -z -uall [17ms]
