2024-11-30 22:58:25.192 [info] Reading sessions from keychain...
2024-11-30 22:58:25.192 [info] Getting sessions for all scopes...
2024-11-30 22:58:25.192 [info] Got 0 sessions for ...
2024-11-30 22:58:25.192 [info] Getting sessions for all scopes...
2024-11-30 22:58:25.192 [info] Got 0 sessions for ...
2024-11-30 22:58:25.192 [info] Getting sessions for all scopes...
2024-11-30 22:58:25.192 [info] Got 0 sessions for ...
2024-11-30 22:58:25.293 [info] Getting sessions for read:user,repo,user:email...
2024-11-30 22:58:25.293 [info] Got 0 sessions for read:user,repo,user:email...
2024-11-30 22:58:44.066 [info] Reading sessions from keychain...
2024-11-30 22:58:44.066 [info] Getting sessions for all scopes...
2024-11-30 22:58:44.066 [info] Got 0 sessions for ...
2024-11-30 22:58:44.066 [info] Getting sessions for all scopes...
2024-11-30 22:58:44.066 [info] Got 0 sessions for ...
2024-11-30 22:58:44.066 [info] Getting sessions for all scopes...
2024-11-30 22:58:44.066 [info] Got 0 sessions for ...
2024-11-30 22:58:44.088 [info] Getting sessions for read:user,repo,user:email...
2024-11-30 22:58:44.088 [info] Got 0 sessions for read:user,repo,user:email...
2024-11-30 22:58:44.979 [info] Getting sessions for all scopes...
2024-11-30 22:58:44.979 [info] Got 0 sessions for ...
2024-11-30 22:58:45.480 [info] Getting sessions for read:user,repo,user:email,workflow...
2024-11-30 22:58:45.480 [info] Got 0 sessions for read:user,repo,user:email,workflow...
